

Started GET "/" for 127.0.0.1 at 2013-03-22 16:04:28 -0700
Connecting to database specified by database.yml
Processing by StaticPagesController#home as HTML
  Rendered static_pages/home.html.erb within layouts/application (47.6ms)
Completed 500 Internal Server Error in 56ms

ActionView::Template::Error (Could not find table 'users'):
    7: 		sample application.
    8: 	</h2>
    9: 
    10: 	<% if current_user.nil? %>
    11: 		<%= link_to "Sign up now!", signup_path, class: "btn btn-large btn-primary" %>
    12: 	<% end %>
    13: </div>
  app/helpers/sessions_helper.rb:18:in `current_user'
  app/views/static_pages/home.html.erb:10:in `_app_views_static_pages_home_html_erb___508640847666491233_70271357690640'


  Rendered /Users/dhummel_moto/.rvm/gems/ruby-1.9.3-p362/gems/actionpack-3.2.11/lib/action_dispatch/middleware/templates/rescues/_trace.erb (1.0ms)
  Rendered /Users/dhummel_moto/.rvm/gems/ruby-1.9.3-p362/gems/actionpack-3.2.11/lib/action_dispatch/middleware/templates/rescues/_request_and_response.erb (0.7ms)
  Rendered /Users/dhummel_moto/.rvm/gems/ruby-1.9.3-p362/gems/actionpack-3.2.11/lib/action_dispatch/middleware/templates/rescues/template_error.erb within rescues/layout (8.5ms)
Connecting to database specified by database.yml
  [1m[36m (0.1ms)[0m  [1mselect sqlite_version(*)[0m
  [1m[35m (2.1ms)[0m  CREATE TABLE "schema_migrations" ("version" varchar(255) NOT NULL) 
  [1m[36m (1.8ms)[0m  [1mCREATE UNIQUE INDEX "unique_schema_migrations" ON "schema_migrations" ("version")[0m
  [1m[35m (1.5ms)[0m  SELECT "schema_migrations"."version" FROM "schema_migrations" 
Migrating to CreateUsers (20130228181101)
  [1m[36m (0.0ms)[0m  [1mbegin transaction[0m
  [1m[35m (0.3ms)[0m  CREATE TABLE "users" ("id" INTEGER PRIMARY KEY AUTOINCREMENT NOT NULL, "name" varchar(255), "email" varchar(255), "created_at" datetime NOT NULL, "updated_at" datetime NOT NULL) 
  [1m[36m (0.1ms)[0m  [1mINSERT INTO "schema_migrations" ("version") VALUES ('20130228181101')[0m
  [1m[35m (1.6ms)[0m  commit transaction
Migrating to AddIndexToUsersEmail (20130306013919)
  [1m[36m (0.1ms)[0m  [1mbegin transaction[0m
  [1m[35m (0.3ms)[0m  CREATE UNIQUE INDEX "index_users_on_email" ON "users" ("email")
  [1m[36m (0.1ms)[0m  [1mINSERT INTO "schema_migrations" ("version") VALUES ('20130306013919')[0m
  [1m[35m (1.3ms)[0m  commit transaction
Migrating to AddPasswordDigestToUsers (20130306042445)
  [1m[36m (0.0ms)[0m  [1mbegin transaction[0m
  [1m[35m (0.3ms)[0m  ALTER TABLE "users" ADD "password_digest" varchar(255)
  [1m[36m (0.1ms)[0m  [1mINSERT INTO "schema_migrations" ("version") VALUES ('20130306042445')[0m
  [1m[35m (1.3ms)[0m  commit transaction
Migrating to AddRememberTokenToUsers (20130308204039)
  [1m[36m (0.0ms)[0m  [1mbegin transaction[0m
  [1m[35m (0.3ms)[0m  ALTER TABLE "users" ADD "remember_token" varchar(255)
  [1m[36m (0.1ms)[0m  [1mCREATE INDEX "index_users_on_remember_token" ON "users" ("remember_token")[0m
  [1m[35m (0.1ms)[0m  INSERT INTO "schema_migrations" ("version") VALUES ('20130308204039')
  [1m[36m (1.4ms)[0m  [1mcommit transaction[0m
Migrating to AddAdminToUsers (20130309212603)
  [1m[35m (0.0ms)[0m  begin transaction
  [1m[36m (0.5ms)[0m  [1mALTER TABLE "users" ADD "admin" boolean DEFAULT 'f'[0m
  [1m[35m (0.1ms)[0m  INSERT INTO "schema_migrations" ("version") VALUES ('20130309212603')
  [1m[36m (2.1ms)[0m  [1mcommit transaction[0m
  [1m[35m (0.1ms)[0m  SELECT "schema_migrations"."version" FROM "schema_migrations" 


Started GET "/" for 127.0.0.1 at 2013-03-22 16:05:27 -0700
Processing by StaticPagesController#home as HTML
  [1m[36mUser Load (0.1ms)[0m  [1mSELECT "users".* FROM "users" WHERE "users"."remember_token" = 'l7oqDx87j05j5nguR87elw' LIMIT 1[0m
  Rendered static_pages/home.html.erb within layouts/application (9.5ms)
Completed 500 Internal Server Error in 1347ms

ActionView::Template::Error (Undefined variable: "$grayLighter".
  (in /Users/dhummel_moto/rails_projects/d20workshop/app/assets/stylesheets/custom.css.scss)):
    2: <html>
    3: 	<head>
    4:   	<title><%= full_title(yield(:title)) %></title>
    5:   	<%= stylesheet_link_tag    "application", :media => "all" %>
    6:   	<%= javascript_include_tag "application" %>
    7:   	<%= csrf_meta_tags %>
    8:   	<%= render 'layouts/shim' %>
  app/assets/stylesheets/custom.css.scss:117
  app/views/layouts/application.html.erb:5:in `_app_views_layouts_application_html_erb__3493442373256895306_70271345623400'


  Rendered /Users/dhummel_moto/.rvm/gems/ruby-1.9.3-p362/gems/actionpack-3.2.11/lib/action_dispatch/middleware/templates/rescues/_trace.erb (13.7ms)
  Rendered /Users/dhummel_moto/.rvm/gems/ruby-1.9.3-p362/gems/actionpack-3.2.11/lib/action_dispatch/middleware/templates/rescues/_request_and_response.erb (0.8ms)
  Rendered /Users/dhummel_moto/.rvm/gems/ruby-1.9.3-p362/gems/actionpack-3.2.11/lib/action_dispatch/middleware/templates/rescues/template_error.erb within rescues/layout (19.3ms)


Started GET "/" for 127.0.0.1 at 2013-03-22 16:05:59 -0700
Processing by StaticPagesController#home as HTML
  [1m[35mUser Load (0.1ms)[0m  SELECT "users".* FROM "users" WHERE "users"."remember_token" = 'l7oqDx87j05j5nguR87elw' LIMIT 1
  Rendered static_pages/home.html.erb within layouts/application (1.3ms)
Completed 500 Internal Server Error in 227ms

ActionView::Template::Error (Undefined variable: "$grayLighter".
  (in /Users/dhummel_moto/rails_projects/d20workshop/app/assets/stylesheets/custom.css.scss)):
    2: <html>
    3: 	<head>
    4:   	<title><%= full_title(yield(:title)) %></title>
    5:   	<%= stylesheet_link_tag    "application", :media => "all" %>
    6:   	<%= javascript_include_tag "application" %>
    7:   	<%= csrf_meta_tags %>
    8:   	<%= render 'layouts/shim' %>
  app/assets/stylesheets/custom.css.scss:117
  app/views/layouts/application.html.erb:5:in `_app_views_layouts_application_html_erb__3493442373256895306_70271345623400'


  Rendered /Users/dhummel_moto/.rvm/gems/ruby-1.9.3-p362/gems/actionpack-3.2.11/lib/action_dispatch/middleware/templates/rescues/_trace.erb (14.0ms)
  Rendered /Users/dhummel_moto/.rvm/gems/ruby-1.9.3-p362/gems/actionpack-3.2.11/lib/action_dispatch/middleware/templates/rescues/_request_and_response.erb (0.8ms)
  Rendered /Users/dhummel_moto/.rvm/gems/ruby-1.9.3-p362/gems/actionpack-3.2.11/lib/action_dispatch/middleware/templates/rescues/template_error.erb within rescues/layout (19.8ms)


Started GET "/" for 127.0.0.1 at 2013-03-22 16:06:13 -0700
Processing by StaticPagesController#home as HTML
  [1m[36mUser Load (0.2ms)[0m  [1mSELECT "users".* FROM "users" WHERE "users"."remember_token" = 'l7oqDx87j05j5nguR87elw' LIMIT 1[0m
  Rendered static_pages/home.html.erb within layouts/application (1.5ms)
Completed 500 Internal Server Error in 229ms

ActionView::Template::Error (Undefined variable: "$grayLighter".
  (in /Users/dhummel_moto/rails_projects/d20workshop/app/assets/stylesheets/custom.css.scss)):
    2: <html>
    3: 	<head>
    4:   	<title><%= full_title(yield(:title)) %></title>
    5:   	<%= stylesheet_link_tag    "application", :media => "all" %>
    6:   	<%= javascript_include_tag "application" %>
    7:   	<%= csrf_meta_tags %>
    8:   	<%= render 'layouts/shim' %>
  app/assets/stylesheets/custom.css.scss:117
  app/views/layouts/application.html.erb:5:in `_app_views_layouts_application_html_erb__3493442373256895306_70271345623400'


  Rendered /Users/dhummel_moto/.rvm/gems/ruby-1.9.3-p362/gems/actionpack-3.2.11/lib/action_dispatch/middleware/templates/rescues/_trace.erb (13.4ms)
  Rendered /Users/dhummel_moto/.rvm/gems/ruby-1.9.3-p362/gems/actionpack-3.2.11/lib/action_dispatch/middleware/templates/rescues/_request_and_response.erb (0.8ms)
  Rendered /Users/dhummel_moto/.rvm/gems/ruby-1.9.3-p362/gems/actionpack-3.2.11/lib/action_dispatch/middleware/templates/rescues/template_error.erb within rescues/layout (19.2ms)


Started GET "/" for 127.0.0.1 at 2013-03-22 16:08:04 -0700
Processing by StaticPagesController#home as HTML
  [1m[35mUser Load (0.1ms)[0m  SELECT "users".* FROM "users" WHERE "users"."remember_token" = 'l7oqDx87j05j5nguR87elw' LIMIT 1
  Rendered static_pages/home.html.erb within layouts/application (1.3ms)
Compiled custom.css  (939ms)  (pid 12054)
Compiled sessions.css  (1ms)  (pid 12054)
Compiled static_pages.css  (1ms)  (pid 12054)
Compiled users.css  (1ms)  (pid 12054)
Compiled application.css  (984ms)  (pid 12054)
Compiled jquery.js  (2ms)  (pid 12054)
Compiled jquery_ujs.js  (0ms)  (pid 12054)
Compiled bootstrap-transition.js  (0ms)  (pid 12054)
Compiled bootstrap-affix.js  (0ms)  (pid 12054)
Compiled bootstrap-alert.js  (0ms)  (pid 12054)
Compiled bootstrap-button.js  (0ms)  (pid 12054)
Compiled bootstrap-carousel.js  (0ms)  (pid 12054)
Compiled bootstrap-collapse.js  (0ms)  (pid 12054)
Compiled bootstrap-dropdown.js  (0ms)  (pid 12054)
Compiled bootstrap-modal.js  (0ms)  (pid 12054)
Compiled bootstrap-scrollspy.js  (0ms)  (pid 12054)
Compiled bootstrap-tab.js  (0ms)  (pid 12054)
Compiled bootstrap-tooltip.js  (0ms)  (pid 12054)
Compiled bootstrap-popover.js  (0ms)  (pid 12054)
Compiled bootstrap-typeahead.js  (0ms)  (pid 12054)
Compiled bootstrap.js  (181ms)  (pid 12054)
Compiled sessions.js  (248ms)  (pid 12054)
Compiled static_pages.js  (50ms)  (pid 12054)
Compiled users.js  (51ms)  (pid 12054)
Compiled application.js  (680ms)  (pid 12054)
  Rendered layouts/_shim.html.erb (0.4ms)
  [1m[36mCACHE (0.0ms)[0m  [1mSELECT "users".* FROM "users" WHERE "users"."remember_token" = 'l7oqDx87j05j5nguR87elw' LIMIT 1[0m
  Rendered layouts/_header.html.erb (2.4ms)
  Rendered layouts/_footer.html.erb (0.8ms)
Completed 200 OK in 1816ms (Views: 1815.8ms | ActiveRecord: 0.1ms)


Started GET "/assets/application.css?body=1" for 127.0.0.1 at 2013-03-22 16:08:06 -0700
Served asset /application.css - 304 Not Modified (9ms)


Started GET "/assets/custom.css?body=1" for 127.0.0.1 at 2013-03-22 16:08:06 -0700
Served asset /custom.css - 200 OK (2ms)


Started GET "/assets/users.css?body=1" for 127.0.0.1 at 2013-03-22 16:08:06 -0700
Served asset /users.css - 304 Not Modified (1ms)


Started GET "/assets/sessions.css?body=1" for 127.0.0.1 at 2013-03-22 16:08:06 -0700
Served asset /sessions.css - 304 Not Modified (3ms)


Started GET "/assets/jquery.js?body=1" for 127.0.0.1 at 2013-03-22 16:08:06 -0700
Served asset /jquery.js - 304 Not Modified (4ms)


Started GET "/assets/static_pages.css?body=1" for 127.0.0.1 at 2013-03-22 16:08:06 -0700
Served asset /static_pages.css - 304 Not Modified (1ms)


Started GET "/assets/jquery_ujs.js?body=1" for 127.0.0.1 at 2013-03-22 16:08:06 -0700
Served asset /jquery_ujs.js - 304 Not Modified (2ms)


Started GET "/assets/bootstrap-transition.js?body=1" for 127.0.0.1 at 2013-03-22 16:08:06 -0700
Served asset /bootstrap-transition.js - 304 Not Modified (2ms)


Started GET "/assets/bootstrap-affix.js?body=1" for 127.0.0.1 at 2013-03-22 16:08:06 -0700
Served asset /bootstrap-affix.js - 304 Not Modified (2ms)


Started GET "/assets/bootstrap-alert.js?body=1" for 127.0.0.1 at 2013-03-22 16:08:06 -0700
Served asset /bootstrap-alert.js - 304 Not Modified (1ms)


Started GET "/assets/bootstrap-button.js?body=1" for 127.0.0.1 at 2013-03-22 16:08:06 -0700
Served asset /bootstrap-button.js - 304 Not Modified (1ms)


Started GET "/assets/bootstrap-carousel.js?body=1" for 127.0.0.1 at 2013-03-22 16:08:06 -0700
Served asset /bootstrap-carousel.js - 304 Not Modified (1ms)


Started GET "/assets/bootstrap-collapse.js?body=1" for 127.0.0.1 at 2013-03-22 16:08:06 -0700
Served asset /bootstrap-collapse.js - 304 Not Modified (2ms)


Started GET "/assets/bootstrap-dropdown.js?body=1" for 127.0.0.1 at 2013-03-22 16:08:06 -0700
Served asset /bootstrap-dropdown.js - 304 Not Modified (1ms)


Started GET "/assets/bootstrap-modal.js?body=1" for 127.0.0.1 at 2013-03-22 16:08:06 -0700
Served asset /bootstrap-modal.js - 304 Not Modified (2ms)


Started GET "/assets/bootstrap-scrollspy.js?body=1" for 127.0.0.1 at 2013-03-22 16:08:06 -0700
Served asset /bootstrap-scrollspy.js - 304 Not Modified (3ms)


Started GET "/assets/bootstrap-tab.js?body=1" for 127.0.0.1 at 2013-03-22 16:08:06 -0700
Served asset /bootstrap-tab.js - 304 Not Modified (3ms)


Started GET "/assets/bootstrap-tooltip.js?body=1" for 127.0.0.1 at 2013-03-22 16:08:06 -0700
Served asset /bootstrap-tooltip.js - 304 Not Modified (2ms)


Started GET "/assets/bootstrap-popover.js?body=1" for 127.0.0.1 at 2013-03-22 16:08:06 -0700
Served asset /bootstrap-popover.js - 304 Not Modified (2ms)


Started GET "/assets/bootstrap-typeahead.js?body=1" for 127.0.0.1 at 2013-03-22 16:08:06 -0700
Served asset /bootstrap-typeahead.js - 304 Not Modified (3ms)


Started GET "/assets/bootstrap.js?body=1" for 127.0.0.1 at 2013-03-22 16:08:06 -0700
Served asset /bootstrap.js - 304 Not Modified (12ms)


Started GET "/assets/sessions.js?body=1" for 127.0.0.1 at 2013-03-22 16:08:06 -0700
Served asset /sessions.js - 304 Not Modified (1ms)


Started GET "/assets/static_pages.js?body=1" for 127.0.0.1 at 2013-03-22 16:08:06 -0700
Served asset /static_pages.js - 304 Not Modified (1ms)


Started GET "/assets/users.js?body=1" for 127.0.0.1 at 2013-03-22 16:08:06 -0700
Served asset /users.js - 304 Not Modified (1ms)


Started GET "/assets/application.js?body=1" for 127.0.0.1 at 2013-03-22 16:08:06 -0700
Served asset /application.js - 304 Not Modified (16ms)


Started GET "/assets/rails.png" for 127.0.0.1 at 2013-03-22 16:08:06 -0700
Served asset /rails.png - 304 Not Modified (4ms)


Started GET "/" for 127.0.0.1 at 2013-03-22 16:08:12 -0700
Processing by StaticPagesController#home as HTML
  [1m[35mUser Load (0.2ms)[0m  SELECT "users".* FROM "users" WHERE "users"."remember_token" = 'l7oqDx87j05j5nguR87elw' LIMIT 1
  Rendered static_pages/home.html.erb within layouts/application (1.2ms)
  Rendered layouts/_shim.html.erb (0.0ms)
  [1m[36mCACHE (0.0ms)[0m  [1mSELECT "users".* FROM "users" WHERE "users"."remember_token" = 'l7oqDx87j05j5nguR87elw' LIMIT 1[0m
  Rendered layouts/_header.html.erb (1.0ms)
  Rendered layouts/_footer.html.erb (0.3ms)
Completed 200 OK in 12ms (Views: 11.8ms | ActiveRecord: 0.2ms)


Started GET "/assets/sessions.css?body=1" for 127.0.0.1 at 2013-03-22 16:08:12 -0700
Served asset /sessions.css - 304 Not Modified (0ms)


Started GET "/assets/custom.css?body=1" for 127.0.0.1 at 2013-03-22 16:08:12 -0700
Served asset /custom.css - 304 Not Modified (0ms)


Started GET "/assets/application.css?body=1" for 127.0.0.1 at 2013-03-22 16:08:12 -0700
Served asset /application.css - 304 Not Modified (0ms)


Started GET "/assets/static_pages.css?body=1" for 127.0.0.1 at 2013-03-22 16:08:12 -0700
Served asset /static_pages.css - 304 Not Modified (0ms)


Started GET "/assets/users.css?body=1" for 127.0.0.1 at 2013-03-22 16:08:12 -0700
Served asset /users.css - 304 Not Modified (0ms)


Started GET "/assets/jquery.js?body=1" for 127.0.0.1 at 2013-03-22 16:08:12 -0700
Served asset /jquery.js - 304 Not Modified (0ms)


Started GET "/assets/jquery_ujs.js?body=1" for 127.0.0.1 at 2013-03-22 16:08:12 -0700
Served asset /jquery_ujs.js - 304 Not Modified (0ms)


Started GET "/assets/bootstrap-transition.js?body=1" for 127.0.0.1 at 2013-03-22 16:08:12 -0700
Served asset /bootstrap-transition.js - 304 Not Modified (0ms)


Started GET "/assets/bootstrap-affix.js?body=1" for 127.0.0.1 at 2013-03-22 16:08:12 -0700
Served asset /bootstrap-affix.js - 304 Not Modified (0ms)


Started GET "/assets/bootstrap-alert.js?body=1" for 127.0.0.1 at 2013-03-22 16:08:12 -0700
Served asset /bootstrap-alert.js - 304 Not Modified (0ms)


Started GET "/assets/bootstrap-carousel.js?body=1" for 127.0.0.1 at 2013-03-22 16:08:12 -0700
Served asset /bootstrap-carousel.js - 304 Not Modified (0ms)


Started GET "/assets/bootstrap-button.js?body=1" for 127.0.0.1 at 2013-03-22 16:08:12 -0700
Served asset /bootstrap-button.js - 304 Not Modified (0ms)


Started GET "/assets/bootstrap-collapse.js?body=1" for 127.0.0.1 at 2013-03-22 16:08:12 -0700
Served asset /bootstrap-collapse.js - 304 Not Modified (0ms)


Started GET "/assets/bootstrap-dropdown.js?body=1" for 127.0.0.1 at 2013-03-22 16:08:12 -0700
Served asset /bootstrap-dropdown.js - 304 Not Modified (0ms)


Started GET "/assets/bootstrap-modal.js?body=1" for 127.0.0.1 at 2013-03-22 16:08:12 -0700
Served asset /bootstrap-modal.js - 304 Not Modified (0ms)


Started GET "/assets/bootstrap-scrollspy.js?body=1" for 127.0.0.1 at 2013-03-22 16:08:12 -0700
Served asset /bootstrap-scrollspy.js - 304 Not Modified (0ms)


Started GET "/assets/bootstrap-tab.js?body=1" for 127.0.0.1 at 2013-03-22 16:08:12 -0700
Served asset /bootstrap-tab.js - 304 Not Modified (0ms)


Started GET "/assets/bootstrap-tooltip.js?body=1" for 127.0.0.1 at 2013-03-22 16:08:12 -0700
Served asset /bootstrap-tooltip.js - 304 Not Modified (0ms)


Started GET "/assets/bootstrap-popover.js?body=1" for 127.0.0.1 at 2013-03-22 16:08:12 -0700
Served asset /bootstrap-popover.js - 304 Not Modified (0ms)


Started GET "/assets/bootstrap-typeahead.js?body=1" for 127.0.0.1 at 2013-03-22 16:08:12 -0700
Served asset /bootstrap-typeahead.js - 304 Not Modified (0ms)


Started GET "/assets/bootstrap.js?body=1" for 127.0.0.1 at 2013-03-22 16:08:12 -0700
Served asset /bootstrap.js - 304 Not Modified (0ms)


Started GET "/assets/sessions.js?body=1" for 127.0.0.1 at 2013-03-22 16:08:12 -0700
Served asset /sessions.js - 304 Not Modified (0ms)


Started GET "/assets/static_pages.js?body=1" for 127.0.0.1 at 2013-03-22 16:08:12 -0700
Served asset /static_pages.js - 304 Not Modified (0ms)


Started GET "/assets/users.js?body=1" for 127.0.0.1 at 2013-03-22 16:08:12 -0700
Served asset /users.js - 304 Not Modified (0ms)


Started GET "/assets/application.js?body=1" for 127.0.0.1 at 2013-03-22 16:08:12 -0700
Served asset /application.js - 304 Not Modified (0ms)


Started GET "/assets/rails.png" for 127.0.0.1 at 2013-03-22 16:08:12 -0700
Served asset /rails.png - 304 Not Modified (0ms)


Started GET "/" for 127.0.0.1 at 2013-03-22 16:17:42 -0700

NameError (uninitialized constant D20workshop):
  config/routes.rb:1:in `<top (required)>'


  Rendered /Users/dhummel_moto/.rvm/gems/ruby-1.9.3-p362/gems/actionpack-3.2.11/lib/action_dispatch/middleware/templates/rescues/_trace.erb (0.9ms)
  Rendered /Users/dhummel_moto/.rvm/gems/ruby-1.9.3-p362/gems/actionpack-3.2.11/lib/action_dispatch/middleware/templates/rescues/_request_and_response.erb (0.8ms)
  Rendered /Users/dhummel_moto/.rvm/gems/ruby-1.9.3-p362/gems/actionpack-3.2.11/lib/action_dispatch/middleware/templates/rescues/diagnostics.erb within rescues/layout (6.6ms)


Started GET "/" for 127.0.0.1 at 2013-03-22 16:18:41 -0700

ActionController::RoutingError (No route matches [GET] "/"):
  actionpack (3.2.11) lib/action_dispatch/middleware/debug_exceptions.rb:21:in `call'
  actionpack (3.2.11) lib/action_dispatch/middleware/show_exceptions.rb:56:in `call'
  railties (3.2.11) lib/rails/rack/logger.rb:32:in `call_app'
  railties (3.2.11) lib/rails/rack/logger.rb:16:in `block in call'
  activesupport (3.2.11) lib/active_support/tagged_logging.rb:22:in `tagged'
  railties (3.2.11) lib/rails/rack/logger.rb:16:in `call'
  actionpack (3.2.11) lib/action_dispatch/middleware/request_id.rb:22:in `call'
  rack (1.4.4) lib/rack/methodoverride.rb:21:in `call'
  rack (1.4.4) lib/rack/runtime.rb:17:in `call'
  activesupport (3.2.11) lib/active_support/cache/strategy/local_cache.rb:72:in `call'
  rack (1.4.4) lib/rack/lock.rb:15:in `call'
  actionpack (3.2.11) lib/action_dispatch/middleware/static.rb:62:in `call'
  railties (3.2.11) lib/rails/engine.rb:479:in `call'
  railties (3.2.11) lib/rails/application.rb:223:in `call'
  rack (1.4.4) lib/rack/content_length.rb:14:in `call'
  railties (3.2.11) lib/rails/rack/log_tailer.rb:17:in `call'
  rack (1.4.4) lib/rack/handler/webrick.rb:59:in `service'
  /Users/dhummel_moto/.rvm/rubies/ruby-1.9.3-p362/lib/ruby/1.9.1/webrick/httpserver.rb:138:in `service'
  /Users/dhummel_moto/.rvm/rubies/ruby-1.9.3-p362/lib/ruby/1.9.1/webrick/httpserver.rb:94:in `run'
  /Users/dhummel_moto/.rvm/rubies/ruby-1.9.3-p362/lib/ruby/1.9.1/webrick/server.rb:191:in `block in start_thread'


  Rendered /Users/dhummel_moto/.rvm/gems/ruby-1.9.3-p362/gems/actionpack-3.2.11/lib/action_dispatch/middleware/templates/rescues/routing_error.erb within rescues/layout (0.5ms)


Started GET "/" for 127.0.0.1 at 2013-03-22 16:18:42 -0700

ActionController::RoutingError (No route matches [GET] "/"):
  actionpack (3.2.11) lib/action_dispatch/middleware/debug_exceptions.rb:21:in `call'
  actionpack (3.2.11) lib/action_dispatch/middleware/show_exceptions.rb:56:in `call'
  railties (3.2.11) lib/rails/rack/logger.rb:32:in `call_app'
  railties (3.2.11) lib/rails/rack/logger.rb:16:in `block in call'
  activesupport (3.2.11) lib/active_support/tagged_logging.rb:22:in `tagged'
  railties (3.2.11) lib/rails/rack/logger.rb:16:in `call'
  actionpack (3.2.11) lib/action_dispatch/middleware/request_id.rb:22:in `call'
  rack (1.4.4) lib/rack/methodoverride.rb:21:in `call'
  rack (1.4.4) lib/rack/runtime.rb:17:in `call'
  activesupport (3.2.11) lib/active_support/cache/strategy/local_cache.rb:72:in `call'
  rack (1.4.4) lib/rack/lock.rb:15:in `call'
  actionpack (3.2.11) lib/action_dispatch/middleware/static.rb:62:in `call'
  railties (3.2.11) lib/rails/engine.rb:479:in `call'
  railties (3.2.11) lib/rails/application.rb:223:in `call'
  rack (1.4.4) lib/rack/content_length.rb:14:in `call'
  railties (3.2.11) lib/rails/rack/log_tailer.rb:17:in `call'
  rack (1.4.4) lib/rack/handler/webrick.rb:59:in `service'
  /Users/dhummel_moto/.rvm/rubies/ruby-1.9.3-p362/lib/ruby/1.9.1/webrick/httpserver.rb:138:in `service'
  /Users/dhummel_moto/.rvm/rubies/ruby-1.9.3-p362/lib/ruby/1.9.1/webrick/httpserver.rb:94:in `run'
  /Users/dhummel_moto/.rvm/rubies/ruby-1.9.3-p362/lib/ruby/1.9.1/webrick/server.rb:191:in `block in start_thread'


  Rendered /Users/dhummel_moto/.rvm/gems/ruby-1.9.3-p362/gems/actionpack-3.2.11/lib/action_dispatch/middleware/templates/rescues/routing_error.erb within rescues/layout (0.5ms)


Started GET "/" for 127.0.0.1 at 2013-03-22 16:19:52 -0700
Connecting to database specified by database.yml
Processing by StaticPagesController#home as HTML
  [1m[36mUser Load (0.1ms)[0m  [1mSELECT "users".* FROM "users" WHERE "users"."remember_token" = 'l7oqDx87j05j5nguR87elw' LIMIT 1[0m
  Rendered static_pages/home.html.erb within layouts/application (16.1ms)
  Rendered layouts/_shim.html.erb (0.2ms)
  [1m[35mCACHE (0.0ms)[0m  SELECT "users".* FROM "users" WHERE "users"."remember_token" = 'l7oqDx87j05j5nguR87elw' LIMIT 1
  Rendered layouts/_header.html.erb (1.9ms)
  Rendered layouts/_footer.html.erb (0.6ms)
Completed 200 OK in 88ms (Views: 85.7ms | ActiveRecord: 1.8ms)


Started GET "/assets/custom.css?body=1" for 127.0.0.1 at 2013-03-22 16:19:52 -0700
Served asset /custom.css - 304 Not Modified (21ms)


Started GET "/assets/application.css?body=1" for 127.0.0.1 at 2013-03-22 16:19:52 -0700
Served asset /application.css - 304 Not Modified (4ms)


Started GET "/assets/sessions.css?body=1" for 127.0.0.1 at 2013-03-22 16:19:52 -0700
Served asset /sessions.css - 304 Not Modified (3ms)


Started GET "/assets/static_pages.css?body=1" for 127.0.0.1 at 2013-03-22 16:19:52 -0700
Served asset /static_pages.css - 304 Not Modified (1ms)


Started GET "/assets/jquery.js?body=1" for 127.0.0.1 at 2013-03-22 16:19:52 -0700
Served asset /jquery.js - 304 Not Modified (2ms)


Started GET "/assets/users.css?body=1" for 127.0.0.1 at 2013-03-22 16:19:52 -0700
Served asset /users.css - 304 Not Modified (1ms)


Started GET "/assets/jquery_ujs.js?body=1" for 127.0.0.1 at 2013-03-22 16:19:52 -0700
Served asset /jquery_ujs.js - 304 Not Modified (1ms)


Started GET "/assets/bootstrap-transition.js?body=1" for 127.0.0.1 at 2013-03-22 16:19:52 -0700
Served asset /bootstrap-transition.js - 304 Not Modified (2ms)


Started GET "/assets/bootstrap-affix.js?body=1" for 127.0.0.1 at 2013-03-22 16:19:52 -0700
Served asset /bootstrap-affix.js - 304 Not Modified (2ms)


Started GET "/assets/bootstrap-alert.js?body=1" for 127.0.0.1 at 2013-03-22 16:19:52 -0700
Served asset /bootstrap-alert.js - 304 Not Modified (1ms)


Started GET "/assets/bootstrap-carousel.js?body=1" for 127.0.0.1 at 2013-03-22 16:19:52 -0700
Served asset /bootstrap-carousel.js - 304 Not Modified (2ms)


Started GET "/assets/bootstrap-button.js?body=1" for 127.0.0.1 at 2013-03-22 16:19:52 -0700
Served asset /bootstrap-button.js - 304 Not Modified (2ms)


Started GET "/assets/bootstrap-collapse.js?body=1" for 127.0.0.1 at 2013-03-22 16:19:52 -0700
Served asset /bootstrap-collapse.js - 304 Not Modified (2ms)


Started GET "/assets/bootstrap-dropdown.js?body=1" for 127.0.0.1 at 2013-03-22 16:19:52 -0700
Served asset /bootstrap-dropdown.js - 304 Not Modified (2ms)


Started GET "/assets/bootstrap-modal.js?body=1" for 127.0.0.1 at 2013-03-22 16:19:52 -0700
Served asset /bootstrap-modal.js - 304 Not Modified (2ms)


Started GET "/assets/bootstrap-scrollspy.js?body=1" for 127.0.0.1 at 2013-03-22 16:19:52 -0700
Served asset /bootstrap-scrollspy.js - 304 Not Modified (2ms)


Started GET "/assets/bootstrap-tab.js?body=1" for 127.0.0.1 at 2013-03-22 16:19:52 -0700
Served asset /bootstrap-tab.js - 304 Not Modified (1ms)


Started GET "/assets/bootstrap-tooltip.js?body=1" for 127.0.0.1 at 2013-03-22 16:19:52 -0700
Served asset /bootstrap-tooltip.js - 304 Not Modified (3ms)


Started GET "/assets/bootstrap-popover.js?body=1" for 127.0.0.1 at 2013-03-22 16:19:52 -0700
Served asset /bootstrap-popover.js - 304 Not Modified (2ms)


Started GET "/assets/bootstrap-typeahead.js?body=1" for 127.0.0.1 at 2013-03-22 16:19:52 -0700
Served asset /bootstrap-typeahead.js - 304 Not Modified (2ms)


Started GET "/assets/bootstrap.js?body=1" for 127.0.0.1 at 2013-03-22 16:19:52 -0700
Served asset /bootstrap.js - 304 Not Modified (12ms)


Started GET "/assets/sessions.js?body=1" for 127.0.0.1 at 2013-03-22 16:19:52 -0700
Served asset /sessions.js - 304 Not Modified (1ms)


Started GET "/assets/static_pages.js?body=1" for 127.0.0.1 at 2013-03-22 16:19:52 -0700
Served asset /static_pages.js - 304 Not Modified (1ms)


Started GET "/assets/users.js?body=1" for 127.0.0.1 at 2013-03-22 16:19:52 -0700
Served asset /users.js - 304 Not Modified (1ms)


Started GET "/assets/application.js?body=1" for 127.0.0.1 at 2013-03-22 16:19:52 -0700
Served asset /application.js - 304 Not Modified (17ms)


Started GET "/assets/rails.png" for 127.0.0.1 at 2013-03-22 16:19:53 -0700
Served asset /rails.png - 304 Not Modified (0ms)


Started GET "/" for 127.0.0.1 at 2013-03-22 16:20:16 -0700
Processing by StaticPagesController#home as HTML
  [1m[36mUser Load (0.1ms)[0m  [1mSELECT "users".* FROM "users" WHERE "users"."remember_token" = 'l7oqDx87j05j5nguR87elw' LIMIT 1[0m
  Rendered static_pages/home.html.erb within layouts/application (1.7ms)
  Rendered layouts/_shim.html.erb (0.0ms)
  [1m[35mCACHE (0.0ms)[0m  SELECT "users".* FROM "users" WHERE "users"."remember_token" = 'l7oqDx87j05j5nguR87elw' LIMIT 1
  Rendered layouts/_header.html.erb (1.0ms)
  Rendered layouts/_footer.html.erb (23.3ms)
Completed 200 OK in 36ms (Views: 35.8ms | ActiveRecord: 0.1ms)


Started GET "/assets/custom.css?body=1" for 127.0.0.1 at 2013-03-22 16:20:16 -0700
Served asset /custom.css - 304 Not Modified (0ms)


Started GET "/assets/sessions.css?body=1" for 127.0.0.1 at 2013-03-22 16:20:16 -0700
Served asset /sessions.css - 304 Not Modified (0ms)


Started GET "/assets/application.css?body=1" for 127.0.0.1 at 2013-03-22 16:20:16 -0700
Served asset /application.css - 304 Not Modified (0ms)


Started GET "/assets/static_pages.css?body=1" for 127.0.0.1 at 2013-03-22 16:20:16 -0700
Served asset /static_pages.css - 304 Not Modified (0ms)


Started GET "/assets/users.css?body=1" for 127.0.0.1 at 2013-03-22 16:20:16 -0700
Served asset /users.css - 304 Not Modified (0ms)


Started GET "/assets/jquery.js?body=1" for 127.0.0.1 at 2013-03-22 16:20:16 -0700
Served asset /jquery.js - 304 Not Modified (0ms)


Started GET "/assets/jquery_ujs.js?body=1" for 127.0.0.1 at 2013-03-22 16:20:16 -0700
Served asset /jquery_ujs.js - 304 Not Modified (0ms)


Started GET "/assets/bootstrap-affix.js?body=1" for 127.0.0.1 at 2013-03-22 16:20:16 -0700
Served asset /bootstrap-affix.js - 304 Not Modified (0ms)


Started GET "/assets/bootstrap-transition.js?body=1" for 127.0.0.1 at 2013-03-22 16:20:16 -0700
Served asset /bootstrap-transition.js - 304 Not Modified (0ms)


Started GET "/assets/bootstrap-alert.js?body=1" for 127.0.0.1 at 2013-03-22 16:20:16 -0700
Served asset /bootstrap-alert.js - 304 Not Modified (0ms)


Started GET "/assets/bootstrap-button.js?body=1" for 127.0.0.1 at 2013-03-22 16:20:16 -0700
Served asset /bootstrap-button.js - 304 Not Modified (0ms)


Started GET "/assets/bootstrap-carousel.js?body=1" for 127.0.0.1 at 2013-03-22 16:20:16 -0700
Served asset /bootstrap-carousel.js - 304 Not Modified (0ms)


Started GET "/assets/bootstrap-collapse.js?body=1" for 127.0.0.1 at 2013-03-22 16:20:16 -0700
Served asset /bootstrap-collapse.js - 304 Not Modified (0ms)


Started GET "/assets/bootstrap-dropdown.js?body=1" for 127.0.0.1 at 2013-03-22 16:20:16 -0700
Served asset /bootstrap-dropdown.js - 304 Not Modified (0ms)


Started GET "/assets/bootstrap-modal.js?body=1" for 127.0.0.1 at 2013-03-22 16:20:16 -0700
Served asset /bootstrap-modal.js - 304 Not Modified (0ms)


Started GET "/assets/bootstrap-scrollspy.js?body=1" for 127.0.0.1 at 2013-03-22 16:20:16 -0700
Served asset /bootstrap-scrollspy.js - 304 Not Modified (0ms)


Started GET "/assets/bootstrap-tab.js?body=1" for 127.0.0.1 at 2013-03-22 16:20:16 -0700
Served asset /bootstrap-tab.js - 304 Not Modified (0ms)


Started GET "/assets/bootstrap-tooltip.js?body=1" for 127.0.0.1 at 2013-03-22 16:20:16 -0700
Served asset /bootstrap-tooltip.js - 304 Not Modified (0ms)


Started GET "/assets/bootstrap-popover.js?body=1" for 127.0.0.1 at 2013-03-22 16:20:16 -0700
Served asset /bootstrap-popover.js - 304 Not Modified (0ms)


Started GET "/assets/bootstrap-typeahead.js?body=1" for 127.0.0.1 at 2013-03-22 16:20:16 -0700
Served asset /bootstrap-typeahead.js - 304 Not Modified (0ms)


Started GET "/assets/bootstrap.js?body=1" for 127.0.0.1 at 2013-03-22 16:20:16 -0700
Served asset /bootstrap.js - 304 Not Modified (0ms)


Started GET "/assets/sessions.js?body=1" for 127.0.0.1 at 2013-03-22 16:20:16 -0700
Served asset /sessions.js - 304 Not Modified (0ms)


Started GET "/assets/static_pages.js?body=1" for 127.0.0.1 at 2013-03-22 16:20:16 -0700
Served asset /static_pages.js - 304 Not Modified (0ms)


Started GET "/assets/users.js?body=1" for 127.0.0.1 at 2013-03-22 16:20:16 -0700
Served asset /users.js - 304 Not Modified (0ms)


Started GET "/assets/application.js?body=1" for 127.0.0.1 at 2013-03-22 16:20:16 -0700
Served asset /application.js - 304 Not Modified (1ms)


Started GET "/assets/rails.png" for 127.0.0.1 at 2013-03-22 16:20:17 -0700
Served asset /rails.png - 304 Not Modified (0ms)


Started GET "/signin" for 127.0.0.1 at 2013-03-22 16:21:28 -0700
Processing by SessionsController#new as HTML
  Rendered sessions/new.html.erb within layouts/application (202.7ms)
  Rendered layouts/_shim.html.erb (0.0ms)
  [1m[36mUser Load (0.1ms)[0m  [1mSELECT "users".* FROM "users" WHERE "users"."remember_token" = 'l7oqDx87j05j5nguR87elw' LIMIT 1[0m
  Rendered layouts/_header.html.erb (1.3ms)
  Rendered layouts/_footer.html.erb (0.2ms)
Completed 200 OK in 214ms (Views: 213.7ms | ActiveRecord: 0.1ms)


Started GET "/assets/application.css?body=1" for 127.0.0.1 at 2013-03-22 16:21:28 -0700
Served asset /application.css - 304 Not Modified (0ms)


Started GET "/assets/static_pages.css?body=1" for 127.0.0.1 at 2013-03-22 16:21:28 -0700
Served asset /static_pages.css - 304 Not Modified (0ms)


Started GET "/assets/sessions.css?body=1" for 127.0.0.1 at 2013-03-22 16:21:28 -0700
Served asset /sessions.css - 304 Not Modified (0ms)


Started GET "/assets/users.css?body=1" for 127.0.0.1 at 2013-03-22 16:21:28 -0700
Served asset /users.css - 304 Not Modified (0ms)


Started GET "/assets/custom.css?body=1" for 127.0.0.1 at 2013-03-22 16:21:28 -0700
Served asset /custom.css - 304 Not Modified (0ms)


Started GET "/assets/jquery.js?body=1" for 127.0.0.1 at 2013-03-22 16:21:28 -0700
Served asset /jquery.js - 304 Not Modified (0ms)


Started GET "/assets/jquery_ujs.js?body=1" for 127.0.0.1 at 2013-03-22 16:21:28 -0700
Served asset /jquery_ujs.js - 304 Not Modified (0ms)


Started GET "/assets/bootstrap-transition.js?body=1" for 127.0.0.1 at 2013-03-22 16:21:28 -0700
Served asset /bootstrap-transition.js - 304 Not Modified (0ms)


Started GET "/assets/bootstrap-affix.js?body=1" for 127.0.0.1 at 2013-03-22 16:21:28 -0700
Served asset /bootstrap-affix.js - 304 Not Modified (0ms)


Started GET "/assets/bootstrap-alert.js?body=1" for 127.0.0.1 at 2013-03-22 16:21:28 -0700
Served asset /bootstrap-alert.js - 304 Not Modified (0ms)


Started GET "/assets/bootstrap-button.js?body=1" for 127.0.0.1 at 2013-03-22 16:21:28 -0700
Served asset /bootstrap-button.js - 304 Not Modified (0ms)


Started GET "/assets/bootstrap-carousel.js?body=1" for 127.0.0.1 at 2013-03-22 16:21:28 -0700
Served asset /bootstrap-carousel.js - 304 Not Modified (0ms)


Started GET "/assets/bootstrap-collapse.js?body=1" for 127.0.0.1 at 2013-03-22 16:21:28 -0700
Served asset /bootstrap-collapse.js - 304 Not Modified (0ms)


Started GET "/assets/bootstrap-dropdown.js?body=1" for 127.0.0.1 at 2013-03-22 16:21:28 -0700
Served asset /bootstrap-dropdown.js - 304 Not Modified (0ms)


Started GET "/assets/bootstrap-modal.js?body=1" for 127.0.0.1 at 2013-03-22 16:21:28 -0700
Served asset /bootstrap-modal.js - 304 Not Modified (0ms)


Started GET "/assets/bootstrap-scrollspy.js?body=1" for 127.0.0.1 at 2013-03-22 16:21:28 -0700
Served asset /bootstrap-scrollspy.js - 304 Not Modified (0ms)


Started GET "/assets/bootstrap-tab.js?body=1" for 127.0.0.1 at 2013-03-22 16:21:28 -0700
Served asset /bootstrap-tab.js - 304 Not Modified (0ms)


Started GET "/assets/bootstrap-tooltip.js?body=1" for 127.0.0.1 at 2013-03-22 16:21:28 -0700
Served asset /bootstrap-tooltip.js - 304 Not Modified (0ms)


Started GET "/assets/bootstrap-popover.js?body=1" for 127.0.0.1 at 2013-03-22 16:21:28 -0700
Served asset /bootstrap-popover.js - 304 Not Modified (0ms)


Started GET "/assets/bootstrap-typeahead.js?body=1" for 127.0.0.1 at 2013-03-22 16:21:28 -0700
Served asset /bootstrap-typeahead.js - 304 Not Modified (0ms)


Started GET "/assets/bootstrap.js?body=1" for 127.0.0.1 at 2013-03-22 16:21:28 -0700
Served asset /bootstrap.js - 304 Not Modified (0ms)


Started GET "/assets/sessions.js?body=1" for 127.0.0.1 at 2013-03-22 16:21:28 -0700
Served asset /sessions.js - 304 Not Modified (0ms)


Started GET "/assets/static_pages.js?body=1" for 127.0.0.1 at 2013-03-22 16:21:28 -0700
Served asset /static_pages.js - 304 Not Modified (0ms)


Started GET "/assets/users.js?body=1" for 127.0.0.1 at 2013-03-22 16:21:28 -0700
Served asset /users.js - 304 Not Modified (0ms)


Started GET "/assets/application.js?body=1" for 127.0.0.1 at 2013-03-22 16:21:28 -0700
Served asset /application.js - 304 Not Modified (0ms)


Started GET "/" for 127.0.0.1 at 2013-03-22 16:21:30 -0700
Processing by StaticPagesController#home as HTML
  [1m[35mUser Load (0.1ms)[0m  SELECT "users".* FROM "users" WHERE "users"."remember_token" = 'l7oqDx87j05j5nguR87elw' LIMIT 1
  Rendered static_pages/home.html.erb within layouts/application (1.1ms)
  Rendered layouts/_shim.html.erb (0.0ms)
  [1m[36mCACHE (0.0ms)[0m  [1mSELECT "users".* FROM "users" WHERE "users"."remember_token" = 'l7oqDx87j05j5nguR87elw' LIMIT 1[0m
  Rendered layouts/_header.html.erb (0.9ms)
  Rendered layouts/_footer.html.erb (0.3ms)
Completed 200 OK in 12ms (Views: 11.9ms | ActiveRecord: 0.1ms)


Started GET "/assets/static_pages.css?body=1" for 127.0.0.1 at 2013-03-22 16:21:30 -0700
Served asset /static_pages.css - 304 Not Modified (0ms)


Started GET "/assets/application.css?body=1" for 127.0.0.1 at 2013-03-22 16:21:30 -0700
Served asset /application.css - 304 Not Modified (0ms)


Started GET "/assets/sessions.css?body=1" for 127.0.0.1 at 2013-03-22 16:21:30 -0700
Served asset /sessions.css - 304 Not Modified (0ms)


Started GET "/assets/jquery.js?body=1" for 127.0.0.1 at 2013-03-22 16:21:30 -0700
Served asset /jquery.js - 304 Not Modified (0ms)


Started GET "/assets/jquery_ujs.js?body=1" for 127.0.0.1 at 2013-03-22 16:21:30 -0700
Served asset /jquery_ujs.js - 304 Not Modified (0ms)


Started GET "/assets/users.css?body=1" for 127.0.0.1 at 2013-03-22 16:21:30 -0700
Served asset /users.css - 304 Not Modified (0ms)


Started GET "/assets/bootstrap-transition.js?body=1" for 127.0.0.1 at 2013-03-22 16:21:30 -0700
Served asset /bootstrap-transition.js - 304 Not Modified (0ms)


Started GET "/assets/bootstrap-affix.js?body=1" for 127.0.0.1 at 2013-03-22 16:21:30 -0700
Served asset /bootstrap-affix.js - 304 Not Modified (0ms)


Started GET "/assets/bootstrap-alert.js?body=1" for 127.0.0.1 at 2013-03-22 16:21:30 -0700
Served asset /bootstrap-alert.js - 304 Not Modified (0ms)


Started GET "/assets/bootstrap-button.js?body=1" for 127.0.0.1 at 2013-03-22 16:21:30 -0700
Served asset /bootstrap-button.js - 304 Not Modified (0ms)


Started GET "/assets/bootstrap-carousel.js?body=1" for 127.0.0.1 at 2013-03-22 16:21:30 -0700
Served asset /bootstrap-carousel.js - 304 Not Modified (0ms)


Started GET "/assets/bootstrap-collapse.js?body=1" for 127.0.0.1 at 2013-03-22 16:21:30 -0700
Served asset /bootstrap-collapse.js - 304 Not Modified (0ms)


Started GET "/assets/bootstrap-dropdown.js?body=1" for 127.0.0.1 at 2013-03-22 16:21:30 -0700
Served asset /bootstrap-dropdown.js - 304 Not Modified (0ms)


Started GET "/assets/bootstrap-modal.js?body=1" for 127.0.0.1 at 2013-03-22 16:21:30 -0700
Served asset /bootstrap-modal.js - 304 Not Modified (0ms)


Started GET "/assets/bootstrap-scrollspy.js?body=1" for 127.0.0.1 at 2013-03-22 16:21:30 -0700
Served asset /bootstrap-scrollspy.js - 304 Not Modified (0ms)


Started GET "/assets/bootstrap-tab.js?body=1" for 127.0.0.1 at 2013-03-22 16:21:30 -0700
Served asset /bootstrap-tab.js - 304 Not Modified (0ms)


Started GET "/assets/bootstrap-tooltip.js?body=1" for 127.0.0.1 at 2013-03-22 16:21:30 -0700
Served asset /bootstrap-tooltip.js - 304 Not Modified (0ms)


Started GET "/assets/bootstrap-typeahead.js?body=1" for 127.0.0.1 at 2013-03-22 16:21:30 -0700
Served asset /bootstrap-typeahead.js - 304 Not Modified (0ms)


Started GET "/assets/bootstrap-popover.js?body=1" for 127.0.0.1 at 2013-03-22 16:21:30 -0700
Served asset /bootstrap-popover.js - 304 Not Modified (0ms)


Started GET "/assets/bootstrap.js?body=1" for 127.0.0.1 at 2013-03-22 16:21:30 -0700
Served asset /bootstrap.js - 304 Not Modified (0ms)


Started GET "/assets/sessions.js?body=1" for 127.0.0.1 at 2013-03-22 16:21:30 -0700
Served asset /sessions.js - 304 Not Modified (0ms)


Started GET "/assets/static_pages.js?body=1" for 127.0.0.1 at 2013-03-22 16:21:30 -0700
Served asset /static_pages.js - 304 Not Modified (0ms)


Started GET "/assets/users.js?body=1" for 127.0.0.1 at 2013-03-22 16:21:30 -0700
Served asset /users.js - 304 Not Modified (0ms)


Started GET "/assets/application.js?body=1" for 127.0.0.1 at 2013-03-22 16:21:30 -0700
Served asset /application.js - 304 Not Modified (0ms)


Started GET "/assets/rails.png" for 127.0.0.1 at 2013-03-22 16:21:30 -0700
Served asset /rails.png - 304 Not Modified (0ms)


Started GET "/" for 127.0.0.1 at 2013-03-22 16:21:33 -0700
Processing by StaticPagesController#home as HTML
  [1m[35mUser Load (0.1ms)[0m  SELECT "users".* FROM "users" WHERE "users"."remember_token" = 'l7oqDx87j05j5nguR87elw' LIMIT 1
  Rendered static_pages/home.html.erb within layouts/application (1.0ms)
  Rendered layouts/_shim.html.erb (0.0ms)
  [1m[36mCACHE (0.0ms)[0m  [1mSELECT "users".* FROM "users" WHERE "users"."remember_token" = 'l7oqDx87j05j5nguR87elw' LIMIT 1[0m
  Rendered layouts/_header.html.erb (1.0ms)
  Rendered layouts/_footer.html.erb (0.2ms)
Completed 200 OK in 12ms (Views: 12.1ms | ActiveRecord: 0.1ms)


Started GET "/assets/custom.css?body=1" for 127.0.0.1 at 2013-03-22 16:21:33 -0700
Served asset /custom.css - 200 OK (0ms)


Started GET "/assets/static_pages.css?body=1" for 127.0.0.1 at 2013-03-22 16:21:33 -0700
Served asset /static_pages.css - 304 Not Modified (0ms)


Started GET "/assets/users.css?body=1" for 127.0.0.1 at 2013-03-22 16:21:33 -0700
Served asset /users.css - 304 Not Modified (0ms)


Started GET "/assets/sessions.css?body=1" for 127.0.0.1 at 2013-03-22 16:21:33 -0700
Served asset /sessions.css - 304 Not Modified (0ms)


Started GET "/assets/application.css?body=1" for 127.0.0.1 at 2013-03-22 16:21:33 -0700
Served asset /application.css - 304 Not Modified (0ms)


Started GET "/assets/jquery.js?body=1" for 127.0.0.1 at 2013-03-22 16:21:33 -0700
Served asset /jquery.js - 304 Not Modified (0ms)


Started GET "/assets/jquery_ujs.js?body=1" for 127.0.0.1 at 2013-03-22 16:21:33 -0700
Served asset /jquery_ujs.js - 304 Not Modified (0ms)


Started GET "/assets/bootstrap-transition.js?body=1" for 127.0.0.1 at 2013-03-22 16:21:33 -0700
Served asset /bootstrap-transition.js - 304 Not Modified (0ms)


Started GET "/assets/bootstrap-affix.js?body=1" for 127.0.0.1 at 2013-03-22 16:21:33 -0700
Served asset /bootstrap-affix.js - 304 Not Modified (0ms)


Started GET "/assets/bootstrap-alert.js?body=1" for 127.0.0.1 at 2013-03-22 16:21:33 -0700
Served asset /bootstrap-alert.js - 304 Not Modified (0ms)


Started GET "/assets/bootstrap-button.js?body=1" for 127.0.0.1 at 2013-03-22 16:21:33 -0700
Served asset /bootstrap-button.js - 304 Not Modified (0ms)


Started GET "/assets/bootstrap-carousel.js?body=1" for 127.0.0.1 at 2013-03-22 16:21:33 -0700
Served asset /bootstrap-carousel.js - 304 Not Modified (0ms)


Started GET "/assets/bootstrap-collapse.js?body=1" for 127.0.0.1 at 2013-03-22 16:21:33 -0700
Served asset /bootstrap-collapse.js - 304 Not Modified (0ms)


Started GET "/assets/bootstrap-dropdown.js?body=1" for 127.0.0.1 at 2013-03-22 16:21:33 -0700
Served asset /bootstrap-dropdown.js - 304 Not Modified (0ms)


Started GET "/assets/bootstrap-modal.js?body=1" for 127.0.0.1 at 2013-03-22 16:21:33 -0700
Served asset /bootstrap-modal.js - 304 Not Modified (0ms)


Started GET "/assets/bootstrap-scrollspy.js?body=1" for 127.0.0.1 at 2013-03-22 16:21:33 -0700
Served asset /bootstrap-scrollspy.js - 304 Not Modified (0ms)


Started GET "/assets/bootstrap-tab.js?body=1" for 127.0.0.1 at 2013-03-22 16:21:33 -0700
Served asset /bootstrap-tab.js - 304 Not Modified (0ms)


Started GET "/assets/bootstrap-tooltip.js?body=1" for 127.0.0.1 at 2013-03-22 16:21:33 -0700
Served asset /bootstrap-tooltip.js - 304 Not Modified (0ms)


Started GET "/assets/bootstrap-popover.js?body=1" for 127.0.0.1 at 2013-03-22 16:21:33 -0700
Served asset /bootstrap-popover.js - 304 Not Modified (0ms)


Started GET "/assets/bootstrap-typeahead.js?body=1" for 127.0.0.1 at 2013-03-22 16:21:33 -0700
Served asset /bootstrap-typeahead.js - 304 Not Modified (0ms)


Started GET "/assets/bootstrap.js?body=1" for 127.0.0.1 at 2013-03-22 16:21:33 -0700
Served asset /bootstrap.js - 304 Not Modified (0ms)


Started GET "/assets/sessions.js?body=1" for 127.0.0.1 at 2013-03-22 16:21:33 -0700
Served asset /sessions.js - 304 Not Modified (0ms)


Started GET "/assets/static_pages.js?body=1" for 127.0.0.1 at 2013-03-22 16:21:33 -0700
Served asset /static_pages.js - 304 Not Modified (0ms)


Started GET "/assets/application.js?body=1" for 127.0.0.1 at 2013-03-22 16:21:33 -0700
Served asset /application.js - 304 Not Modified (0ms)


Started GET "/assets/users.js?body=1" for 127.0.0.1 at 2013-03-22 16:21:33 -0700
Served asset /users.js - 304 Not Modified (0ms)


Started GET "/assets/rails.png" for 127.0.0.1 at 2013-03-22 16:21:33 -0700
Served asset /rails.png - 304 Not Modified (0ms)


Started GET "/" for 127.0.0.1 at 2013-03-22 16:23:27 -0700
Processing by StaticPagesController#home as HTML
  [1m[35mUser Load (0.1ms)[0m  SELECT "users".* FROM "users" WHERE "users"."remember_token" = 'l7oqDx87j05j5nguR87elw' LIMIT 1
  Rendered static_pages/home.html.erb within layouts/application (0.9ms)
  Rendered layouts/_shim.html.erb (0.0ms)
  [1m[36mCACHE (0.0ms)[0m  [1mSELECT "users".* FROM "users" WHERE "users"."remember_token" = 'l7oqDx87j05j5nguR87elw' LIMIT 1[0m
  Rendered layouts/_header.html.erb (0.9ms)
  Rendered layouts/_footer.html.erb (0.2ms)
Completed 200 OK in 11ms (Views: 11.1ms | ActiveRecord: 0.1ms)


Started GET "/assets/custom.css?body=1" for 127.0.0.1 at 2013-03-22 16:23:27 -0700
Served asset /custom.css - 304 Not Modified (0ms)


Started GET "/assets/application.css?body=1" for 127.0.0.1 at 2013-03-22 16:23:27 -0700
Served asset /application.css - 304 Not Modified (0ms)


Started GET "/assets/sessions.css?body=1" for 127.0.0.1 at 2013-03-22 16:23:27 -0700
Served asset /sessions.css - 304 Not Modified (0ms)


Started GET "/assets/static_pages.css?body=1" for 127.0.0.1 at 2013-03-22 16:23:27 -0700
Served asset /static_pages.css - 304 Not Modified (0ms)


Started GET "/assets/users.css?body=1" for 127.0.0.1 at 2013-03-22 16:23:27 -0700
Served asset /users.css - 304 Not Modified (0ms)


Started GET "/assets/jquery.js?body=1" for 127.0.0.1 at 2013-03-22 16:23:27 -0700
Served asset /jquery.js - 304 Not Modified (0ms)


Started GET "/assets/bootstrap-transition.js?body=1" for 127.0.0.1 at 2013-03-22 16:23:27 -0700
Served asset /bootstrap-transition.js - 304 Not Modified (0ms)


Started GET "/assets/jquery_ujs.js?body=1" for 127.0.0.1 at 2013-03-22 16:23:27 -0700
Served asset /jquery_ujs.js - 304 Not Modified (0ms)


Started GET "/assets/bootstrap-affix.js?body=1" for 127.0.0.1 at 2013-03-22 16:23:27 -0700
Served asset /bootstrap-affix.js - 304 Not Modified (0ms)


Started GET "/assets/bootstrap-alert.js?body=1" for 127.0.0.1 at 2013-03-22 16:23:27 -0700
Served asset /bootstrap-alert.js - 304 Not Modified (0ms)


Started GET "/assets/bootstrap-button.js?body=1" for 127.0.0.1 at 2013-03-22 16:23:27 -0700
Served asset /bootstrap-button.js - 304 Not Modified (0ms)


Started GET "/assets/bootstrap-carousel.js?body=1" for 127.0.0.1 at 2013-03-22 16:23:27 -0700
Served asset /bootstrap-carousel.js - 304 Not Modified (0ms)


Started GET "/assets/bootstrap-collapse.js?body=1" for 127.0.0.1 at 2013-03-22 16:23:27 -0700
Served asset /bootstrap-collapse.js - 304 Not Modified (0ms)


Started GET "/assets/bootstrap-dropdown.js?body=1" for 127.0.0.1 at 2013-03-22 16:23:27 -0700
Served asset /bootstrap-dropdown.js - 304 Not Modified (0ms)


Started GET "/assets/bootstrap-modal.js?body=1" for 127.0.0.1 at 2013-03-22 16:23:27 -0700
Served asset /bootstrap-modal.js - 304 Not Modified (0ms)


Started GET "/assets/bootstrap-scrollspy.js?body=1" for 127.0.0.1 at 2013-03-22 16:23:27 -0700
Served asset /bootstrap-scrollspy.js - 304 Not Modified (0ms)


Started GET "/assets/bootstrap-tab.js?body=1" for 127.0.0.1 at 2013-03-22 16:23:27 -0700
Served asset /bootstrap-tab.js - 304 Not Modified (0ms)


Started GET "/assets/bootstrap-tooltip.js?body=1" for 127.0.0.1 at 2013-03-22 16:23:27 -0700
Served asset /bootstrap-tooltip.js - 304 Not Modified (0ms)


Started GET "/assets/bootstrap-popover.js?body=1" for 127.0.0.1 at 2013-03-22 16:23:27 -0700
Served asset /bootstrap-popover.js - 304 Not Modified (0ms)


Started GET "/assets/bootstrap-typeahead.js?body=1" for 127.0.0.1 at 2013-03-22 16:23:27 -0700
Served asset /bootstrap-typeahead.js - 304 Not Modified (0ms)


Started GET "/assets/bootstrap.js?body=1" for 127.0.0.1 at 2013-03-22 16:23:27 -0700
Served asset /bootstrap.js - 304 Not Modified (0ms)


Started GET "/assets/sessions.js?body=1" for 127.0.0.1 at 2013-03-22 16:23:27 -0700
Served asset /sessions.js - 304 Not Modified (0ms)


Started GET "/assets/static_pages.js?body=1" for 127.0.0.1 at 2013-03-22 16:23:27 -0700
Served asset /static_pages.js - 304 Not Modified (0ms)


Started GET "/assets/users.js?body=1" for 127.0.0.1 at 2013-03-22 16:23:27 -0700
Served asset /users.js - 304 Not Modified (0ms)


Started GET "/assets/application.js?body=1" for 127.0.0.1 at 2013-03-22 16:23:27 -0700
Served asset /application.js - 304 Not Modified (0ms)


Started GET "/assets/rails.png" for 127.0.0.1 at 2013-03-22 16:23:27 -0700
Served asset /rails.png - 304 Not Modified (0ms)


Started GET "/" for 127.0.0.1 at 2013-03-22 16:26:21 -0700
Processing by StaticPagesController#home as HTML
  [1m[35mUser Load (0.1ms)[0m  SELECT "users".* FROM "users" WHERE "users"."remember_token" = 'l7oqDx87j05j5nguR87elw' LIMIT 1
  Rendered static_pages/home.html.erb within layouts/application (0.9ms)
  Rendered layouts/_shim.html.erb (0.0ms)
  [1m[36mCACHE (0.0ms)[0m  [1mSELECT "users".* FROM "users" WHERE "users"."remember_token" = 'l7oqDx87j05j5nguR87elw' LIMIT 1[0m
  Rendered layouts/_header.html.erb (1.0ms)
  Rendered layouts/_footer.html.erb (0.3ms)
Completed 200 OK in 11ms (Views: 11.1ms | ActiveRecord: 0.1ms)


Started GET "/assets/application.css?body=1" for 127.0.0.1 at 2013-03-22 16:26:21 -0700
Served asset /application.css - 304 Not Modified (0ms)


Started GET "/assets/custom.css?body=1" for 127.0.0.1 at 2013-03-22 16:26:21 -0700
Served asset /custom.css - 304 Not Modified (0ms)


Started GET "/assets/static_pages.css?body=1" for 127.0.0.1 at 2013-03-22 16:26:21 -0700
Served asset /static_pages.css - 304 Not Modified (0ms)


Started GET "/assets/sessions.css?body=1" for 127.0.0.1 at 2013-03-22 16:26:21 -0700
Served asset /sessions.css - 304 Not Modified (0ms)


Started GET "/assets/users.css?body=1" for 127.0.0.1 at 2013-03-22 16:26:21 -0700
Served asset /users.css - 304 Not Modified (0ms)


Started GET "/assets/jquery.js?body=1" for 127.0.0.1 at 2013-03-22 16:26:21 -0700
Served asset /jquery.js - 304 Not Modified (0ms)


Started GET "/assets/jquery_ujs.js?body=1" for 127.0.0.1 at 2013-03-22 16:26:21 -0700
Served asset /jquery_ujs.js - 304 Not Modified (0ms)


Started GET "/assets/bootstrap-transition.js?body=1" for 127.0.0.1 at 2013-03-22 16:26:21 -0700
Served asset /bootstrap-transition.js - 304 Not Modified (0ms)


Started GET "/assets/bootstrap-affix.js?body=1" for 127.0.0.1 at 2013-03-22 16:26:21 -0700
Served asset /bootstrap-affix.js - 304 Not Modified (0ms)


Started GET "/assets/bootstrap-alert.js?body=1" for 127.0.0.1 at 2013-03-22 16:26:21 -0700
Served asset /bootstrap-alert.js - 304 Not Modified (0ms)


Started GET "/assets/bootstrap-button.js?body=1" for 127.0.0.1 at 2013-03-22 16:26:21 -0700
Served asset /bootstrap-button.js - 304 Not Modified (0ms)


Started GET "/assets/bootstrap-carousel.js?body=1" for 127.0.0.1 at 2013-03-22 16:26:21 -0700
Served asset /bootstrap-carousel.js - 304 Not Modified (0ms)


Started GET "/assets/bootstrap-collapse.js?body=1" for 127.0.0.1 at 2013-03-22 16:26:21 -0700
Served asset /bootstrap-collapse.js - 304 Not Modified (0ms)


Started GET "/assets/bootstrap-modal.js?body=1" for 127.0.0.1 at 2013-03-22 16:26:21 -0700
Served asset /bootstrap-modal.js - 304 Not Modified (0ms)


Started GET "/assets/bootstrap-dropdown.js?body=1" for 127.0.0.1 at 2013-03-22 16:26:21 -0700
Served asset /bootstrap-dropdown.js - 304 Not Modified (0ms)


Started GET "/assets/bootstrap-scrollspy.js?body=1" for 127.0.0.1 at 2013-03-22 16:26:21 -0700
Served asset /bootstrap-scrollspy.js - 304 Not Modified (0ms)


Started GET "/assets/bootstrap-tab.js?body=1" for 127.0.0.1 at 2013-03-22 16:26:21 -0700
Served asset /bootstrap-tab.js - 304 Not Modified (0ms)


Started GET "/assets/bootstrap-tooltip.js?body=1" for 127.0.0.1 at 2013-03-22 16:26:21 -0700
Served asset /bootstrap-tooltip.js - 304 Not Modified (0ms)


Started GET "/assets/bootstrap-popover.js?body=1" for 127.0.0.1 at 2013-03-22 16:26:21 -0700
Served asset /bootstrap-popover.js - 304 Not Modified (0ms)


Started GET "/assets/bootstrap-typeahead.js?body=1" for 127.0.0.1 at 2013-03-22 16:26:21 -0700
Served asset /bootstrap-typeahead.js - 304 Not Modified (0ms)


Started GET "/assets/bootstrap.js?body=1" for 127.0.0.1 at 2013-03-22 16:26:21 -0700
Served asset /bootstrap.js - 304 Not Modified (0ms)


Started GET "/assets/sessions.js?body=1" for 127.0.0.1 at 2013-03-22 16:26:21 -0700
Served asset /sessions.js - 304 Not Modified (0ms)


Started GET "/assets/static_pages.js?body=1" for 127.0.0.1 at 2013-03-22 16:26:21 -0700
Served asset /static_pages.js - 304 Not Modified (0ms)


Started GET "/assets/users.js?body=1" for 127.0.0.1 at 2013-03-22 16:26:21 -0700
Served asset /users.js - 304 Not Modified (0ms)


Started GET "/assets/application.js?body=1" for 127.0.0.1 at 2013-03-22 16:26:21 -0700
Served asset /application.js - 304 Not Modified (0ms)


Started GET "/assets/rails.png" for 127.0.0.1 at 2013-03-22 16:26:21 -0700
Served asset /rails.png - 304 Not Modified (0ms)
